Traceback (most recent call last):
  File "/opt/hostedtoolcache/Python/3.10.16/x64/lib/python3.10/site-packages/jupyter_cache/executors/utils.py", line 58, in single_nb_execution
    executenb(
  File "/opt/hostedtoolcache/Python/3.10.16/x64/lib/python3.10/site-packages/nbclient/client.py", line 1319, in execute
    return NotebookClient(nb=nb, resources=resources, km=km, **kwargs).execute()
  File "/opt/hostedtoolcache/Python/3.10.16/x64/lib/python3.10/site-packages/jupyter_core/utils/__init__.py", line 165, in wrapped
    return loop.run_until_complete(inner)
  File "/opt/hostedtoolcache/Python/3.10.16/x64/lib/python3.10/asyncio/base_events.py", line 649, in run_until_complete
    return future.result()
  File "/opt/hostedtoolcache/Python/3.10.16/x64/lib/python3.10/site-packages/nbclient/client.py", line 709, in async_execute
    await self.async_execute_cell(
  File "/opt/hostedtoolcache/Python/3.10.16/x64/lib/python3.10/site-packages/nbclient/client.py", line 1062, in async_execute_cell
    await self._check_raise_for_error(cell, cell_index, exec_reply)
  File "/opt/hostedtoolcache/Python/3.10.16/x64/lib/python3.10/site-packages/nbclient/client.py", line 918, in _check_raise_for_error
    raise CellExecutionError.from_cell_and_msg(cell, exec_reply_content)
nbclient.exceptions.CellExecutionError: An error occurred while executing the following cell:
------------------
fig, axs = plt.subplots(2,1,sharex=True,figsize=(7,4))

july.heatmap(datetime, 
             irrigation_districts_grid['irr_daily'].sum(['x','y']), 
             title='Irrigation (mm/h)',
             cmap="github",
             colorbar=True,
             ax=axs[0]
             )
july.heatmap(datetime, 
             irrigation_districts_grid['rain_daily'].sum(['x','y']), 
             title='Rain (mm/h)',
             cmap="golden",
             colorbar=True,
             ax=axs[1]
             )
------------------


[0;31m---------------------------------------------------------------------------[0m
[0;31mAttributeError[0m                            Traceback (most recent call last)
Cell [0;32mIn[6], line 3[0m
[1;32m      1[0m fig, axs [38;5;241m=[39m plt[38;5;241m.[39msubplots([38;5;241m2[39m,[38;5;241m1[39m,sharex[38;5;241m=[39m[38;5;28;01mTrue[39;00m,figsize[38;5;241m=[39m([38;5;241m7[39m,[38;5;241m4[39m))
[0;32m----> 3[0m [43mjuly[49m[38;5;241;43m.[39;49m[43mheatmap[49m[43m([49m[43mdatetime[49m[43m,[49m[43m [49m
[1;32m      4[0m [43m             [49m[43mirrigation_districts_grid[49m[43m[[49m[38;5;124;43m'[39;49m[38;5;124;43mirr_daily[39;49m[38;5;124;43m'[39;49m[43m][49m[38;5;241;43m.[39;49m[43msum[49m[43m([49m[43m[[49m[38;5;124;43m'[39;49m[38;5;124;43mx[39;49m[38;5;124;43m'[39;49m[43m,[49m[38;5;124;43m'[39;49m[38;5;124;43my[39;49m[38;5;124;43m'[39;49m[43m][49m[43m)[49m[43m,[49m[43m [49m
[1;32m      5[0m [43m             [49m[43mtitle[49m[38;5;241;43m=[39;49m[38;5;124;43m'[39;49m[38;5;124;43mIrrigation (mm/h)[39;49m[38;5;124;43m'[39;49m[43m,[49m
[1;32m      6[0m [43m             [49m[43mcmap[49m[38;5;241;43m=[39;49m[38;5;124;43m"[39;49m[38;5;124;43mgithub[39;49m[38;5;124;43m"[39;49m[43m,[49m
[1;32m      7[0m [43m             [49m[43mcolorbar[49m[38;5;241;43m=[39;49m[38;5;28;43;01mTrue[39;49;00m[43m,[49m
[1;32m      8[0m [43m             [49m[43max[49m[38;5;241;43m=[39;49m[43maxs[49m[43m[[49m[38;5;241;43m0[39;49m[43m][49m
[1;32m      9[0m [43m             [49m[43m)[49m
[1;32m     10[0m july[38;5;241m.[39mheatmap(datetime, 
[1;32m     11[0m              irrigation_districts_grid[[38;5;124m'[39m[38;5;124mrain_daily[39m[38;5;124m'[39m][38;5;241m.[39msum([[38;5;124m'[39m[38;5;124mx[39m[38;5;124m'[39m,[38;5;124m'[39m[38;5;124my[39m[38;5;124m'[39m]), 
[1;32m     12[0m              title[38;5;241m=[39m[38;5;124m'[39m[38;5;124mRain (mm/h)[39m[38;5;124m'[39m,
[0;32m   (...)[0m
[1;32m     15[0m              ax[38;5;241m=[39maxs[[38;5;241m1[39m]
[1;32m     16[0m              )

File [0;32m/opt/hostedtoolcache/Python/3.10.16/x64/lib/python3.10/site-packages/july/plot.py:68[0m, in [0;36mheatmap[0;34m(dates, data, horizontal, cmap, value_label, date_label, weekday_label, month_label, year_label, month_grid, colorbar, frame_on, value_format, title, cmin, cmax, ax, **kwargs)[0m
[1;32m     18[0m [38;5;28;01mdef[39;00m[38;5;250m [39m[38;5;21mheatmap[39m(
[1;32m     19[0m     dates: List[Union[[38;5;28mstr[39m, datetime[38;5;241m.[39mdate, datetime[38;5;241m.[39mdatetime]],
[1;32m     20[0m     data: List[[38;5;28mfloat[39m],
[0;32m   (...)[0m
[1;32m     36[0m     [38;5;241m*[39m[38;5;241m*[39mkwargs
[1;32m     37[0m ) [38;5;241m-[39m[38;5;241m>[39m Axes:
[1;32m     38[0m [38;5;250m    [39m[38;5;124;03m"""Create heatmap of input dates and data.[39;00m
[1;32m     39[0m 
[1;32m     40[0m [38;5;124;03m    Args:[39;00m
[0;32m   (...)[0m
[1;32m     66[0m [38;5;124;03m        Matplotlib Axes object.[39;00m
[1;32m     67[0m [38;5;124;03m    """[39;00m
[0;32m---> 68[0m     [43mupdate_rcparams[49m[43m([49m[38;5;241;43m*[39;49m[38;5;241;43m*[39;49m[43mkwargs[49m[43m)[49m
[1;32m     69[0m     dates_clean, data_clean [38;5;241m=[39m preprocess_inputs(dates, data)
[1;32m     70[0m     cal [38;5;241m=[39m date_grid(dates_clean, data_clean, horizontal)

File [0;32m/opt/hostedtoolcache/Python/3.10.16/x64/lib/python3.10/site-packages/july/rcmod.py:54[0m, in [0;36mupdate_rcparams[0;34m(fontfamily, fontsize, labelsize, titlesize, titlepad, facecolor, edgecolor, linewidth, xmargin, ymargin, xtickmajorsize, ytickmajorsize, dpi, rc_params_dict)[0m
[1;32m     52[0m rcmod[38;5;241m.[39mupdate(rc_params_dict)
[1;32m     53[0m [38;5;28;01mwith[39;00m warnings[38;5;241m.[39mcatch_warnings():
[0;32m---> 54[0m     warnings[38;5;241m.[39msimplefilter([38;5;124m"[39m[38;5;124mignore[39m[38;5;124m"[39m, [43mmpl[49m[38;5;241;43m.[39;49m[43mcbook[49m[38;5;241;43m.[39;49m[43mMatplotlibDeprecationWarning[49m)
[1;32m     55[0m     mpl[38;5;241m.[39mrcParams[38;5;241m.[39mupdate(rcmod)

[0;31mAttributeError[0m: module 'matplotlib.cbook' has no attribute 'MatplotlibDeprecationWarning'

